0 verbose cli /Users/shashankl/.nvm/versions/node/v20.20.0/bin/node /Users/shashankl/.nvm/versions/node/v20.20.0/bin/npm
1 info using npm@10.8.2
2 info using node@v20.20.0
3 silly config load:file:/Users/shashankl/.nvm/versions/node/v20.20.0/lib/node_modules/npm/npmrc
4 silly config load:file:/Users/shashankl/AI-News-Scraper-Email/tmp-deploy-ai/.npmrc
5 silly config load:file:/Users/shashankl/.npmrc
6 silly config load:file:/Users/shashankl/.nvm/versions/node/v20.20.0/etc/npmrc
7 verbose title npm install
8 verbose argv "install" "--cache" "../tmp-npm-cache"
9 verbose logfile logs-max:10 dir:/Users/shashankl/AI-News-Scraper-Email/tmp-npm-cache/_logs/2026-02-28T04_00_42_011Z-
10 verbose logfile /Users/shashankl/AI-News-Scraper-Email/tmp-npm-cache/_logs/2026-02-28T04_00_42_011Z-debug-0.log
11 silly packumentCache heap:4345298944 maxSize:1086324736 maxEntrySize:543162368
12 silly logfile done cleaning log files
13 silly idealTree buildDeps
14 silly reify moves {}
15 verbose stack Error: EPERM: operation not permitted, mkdir '/Users/shashankl/AI-News-Scraper-Email/tmp-deploy-ai/node_modules'
15 verbose stack     at async mkdir (node:internal/fs/promises:853:10)
15 verbose stack     at async /Users/shashankl/.nvm/versions/node/v20.20.0/lib/node_modules/npm/node_modules/@npmcli/arborist/lib/arborist/reify.js:624:20
15 verbose stack     at async Promise.allSettled (index 0)
15 verbose stack     at async [reifyPackages] (/Users/shashankl/.nvm/versions/node/v20.20.0/lib/node_modules/npm/node_modules/@npmcli/arborist/lib/arborist/reify.js:325:11)
15 verbose stack     at async Arborist.reify (/Users/shashankl/.nvm/versions/node/v20.20.0/lib/node_modules/npm/node_modules/@npmcli/arborist/lib/arborist/reify.js:142:5)
15 verbose stack     at async Install.exec (/Users/shashankl/.nvm/versions/node/v20.20.0/lib/node_modules/npm/lib/commands/install.js:150:5)
15 verbose stack     at async Npm.exec (/Users/shashankl/.nvm/versions/node/v20.20.0/lib/node_modules/npm/lib/npm.js:207:9)
15 verbose stack     at async module.exports (/Users/shashankl/.nvm/versions/node/v20.20.0/lib/node_modules/npm/lib/cli/entry.js:74:5)
16 error code EPERM
17 error syscall mkdir
18 error path /Users/shashankl/AI-News-Scraper-Email/tmp-deploy-ai/node_modules
19 error errno -1
20 error Error: EPERM: operation not permitted, mkdir '/Users/shashankl/AI-News-Scraper-Email/tmp-deploy-ai/node_modules'
20 error     at async mkdir (node:internal/fs/promises:853:10)
20 error     at async /Users/shashankl/.nvm/versions/node/v20.20.0/lib/node_modules/npm/node_modules/@npmcli/arborist/lib/arborist/reify.js:624:20
20 error     at async Promise.allSettled (index 0)
20 error     at async [reifyPackages] (/Users/shashankl/.nvm/versions/node/v20.20.0/lib/node_modules/npm/node_modules/@npmcli/arborist/lib/arborist/reify.js:325:11)
20 error     at async Arborist.reify (/Users/shashankl/.nvm/versions/node/v20.20.0/lib/node_modules/npm/node_modules/@npmcli/arborist/lib/arborist/reify.js:142:5)
20 error     at async Install.exec (/Users/shashankl/.nvm/versions/node/v20.20.0/lib/node_modules/npm/lib/commands/install.js:150:5)
20 error     at async Npm.exec (/Users/shashankl/.nvm/versions/node/v20.20.0/lib/node_modules/npm/lib/npm.js:207:9)
20 error     at async module.exports (/Users/shashankl/.nvm/versions/node/v20.20.0/lib/node_modules/npm/lib/cli/entry.js:74:5) {
20 error   errno: -1,
20 error   code: 'EPERM',
20 error   syscall: 'mkdir',
20 error   path: '/Users/shashankl/AI-News-Scraper-Email/tmp-deploy-ai/node_modules'
20 error }
21 error
21 error The operation was rejected by your operating system.
21 error It is likely you do not have the permissions to access this file as the current user
21 error
21 error If you believe this might be a permissions issue, please double-check the
21 error permissions of the file and its containing directories, or try running
21 error the command again as root/Administrator.
22 silly unfinished npm timer reify 1772251242439
23 silly unfinished npm timer reify:createSparse 1772251242516
24 verbose cwd /Users/shashankl/AI-News-Scraper-Email/tmp-deploy-ai
25 verbose os Darwin 25.3.0
26 verbose node v20.20.0
27 verbose npm  v10.8.2
28 verbose exit -1
29 verbose code -1
30 error A complete log of this run can be found in: /Users/shashankl/AI-News-Scraper-Email/tmp-npm-cache/_logs/2026-02-28T04_00_42_011Z-debug-0.log
